<?xml version="1.0" encoding="UTF-8"?>
<!-- Generated by org.testng.reporters.JUnitReportReporter -->
<testsuite skipped="0" hostname="DESKTOP-4BO13RL" name="testscripts.TestCase1" tests="1" failures="0" timestamp="2020-09-30T10:53:38 IST" time="19.112" errors="0">
  <testcase name="validateNewUserForm" time="19.112" classname="testscripts.TestCase1"/>
  <system-out/>
</testsuite> <!-- testscripts.TestCase1 -->
