<?xml version="1.0" encoding="UTF-8"?>
<!-- Generated by org.testng.reporters.JUnitReportReporter -->
<testsuite skipped="0" hostname="INDRAJITs-MacBook-Air.local" name="testscripts.DemoQa" tests="1" failures="0" timestamp="2020-12-08T12:40:38 IST" time="16.503" errors="0">
  <testcase name="ElementsSection" time="16.503" classname="testscripts.DemoQa"/>
  <system-out/>
</testsuite> <!-- testscripts.DemoQa -->
